Open5GS daemon v2.7.2

06/24 15:24:14.205: [app] INFO: Configuration: '/home/admin-vb/EdhocSecondaryAuth/open5gs/install-ws/etc/open5gs/udr.yaml' (../lib/app/ogs-init.c:144)
06/24 15:24:14.205: [app] INFO: File Logging: '/home/admin-vb/EdhocSecondaryAuth/open5gs/install-ws/var/log/open5gs/udr.log' (../lib/app/ogs-init.c:147)
06/24 15:24:14.207: [sbi] INFO: Setup NF EndPoint(addr) [127.0.0.200:7777] (../lib/sbi/context.c:507)
06/24 15:24:14.211: [dbi] INFO: MongoDB URI: 'mongodb://localhost/open5gs' (../lib/dbi/ogs-mongoc.c:130)
06/24 15:24:14.212: [sbi] INFO: NF Service [nudr-dr] (../lib/sbi/context.c:1994)
06/24 15:24:14.212: [sbi] INFO: nghttp2_server() [http://127.0.0.20]:7777 (../lib/sbi/nghttp2-server.c:439)
06/24 15:24:14.212: [app] INFO: UDR initialize...done (../src/udr/app.c:31)
06/24 15:24:14.215: [sbi] INFO: [52052ba8-6f95-41f1-8a23-6bd499031a46] NF registered [Heartbeat:10s] (../lib/sbi/nf-sm.c:295)
06/24 15:24:14.216: [sbi] INFO: Setup NF EndPoint(addr) [127.0.0.10:7777] (../lib/sbi/nnrf-handler.c:955)
06/24 15:24:14.216: [sbi] INFO: [52065f78-6f95-41f1-94c4-f56e9f8ae08a] Subscription created until 2026-06-25T15:24:14.215582+09:00 [duration:86400000000,validity:86400.000000,patch:43200.000000] (../lib/sbi/nnrf-handler.c:874)
06/24 15:24:20.251: [app] INFO: SIGTERM received (../src/main.c:54)
06/24 15:24:20.251: [app] INFO: Open5GS daemon terminating... (../src/main.c:235)
06/24 15:24:20.251: [sbi] INFO: [52052ba8-6f95-41f1-8a23-6bd499031a46] NF de-registered (../lib/sbi/nf-sm.c:324)
06/24 15:24:20.261: [app] INFO: UDR terminate...done (../src/udr/app.c:39)
Open5GS daemon v2.7.2

06/24 15:24:57.405: [app] INFO: Configuration: '/home/admin-vb/EdhocSecondaryAuth/open5gs/install-ws/etc/open5gs/udr.yaml' (../lib/app/ogs-init.c:144)
06/24 15:24:57.405: [app] INFO: File Logging: '/home/admin-vb/EdhocSecondaryAuth/open5gs/install-ws/var/log/open5gs/udr.log' (../lib/app/ogs-init.c:147)
06/24 15:24:57.409: [sbi] INFO: Setup NF EndPoint(addr) [127.0.0.200:7777] (../lib/sbi/context.c:507)
06/24 15:24:57.415: [dbi] INFO: MongoDB URI: 'mongodb://localhost/open5gs' (../lib/dbi/ogs-mongoc.c:130)
06/24 15:24:57.415: [sbi] INFO: NF Service [nudr-dr] (../lib/sbi/context.c:1994)
06/24 15:24:57.415: [sbi] INFO: nghttp2_server() [http://127.0.0.20]:7777 (../lib/sbi/nghttp2-server.c:439)
06/24 15:24:57.415: [app] INFO: UDR initialize...done (../src/udr/app.c:31)
06/24 15:24:57.417: [sbi] INFO: [6bc4cc88-6f95-41f1-89c7-d184185a48be] NF registered [Heartbeat:10s] (../lib/sbi/nf-sm.c:295)
06/24 15:24:57.431: [sbi] INFO: Setup NF EndPoint(addr) [127.0.0.10:7777] (../lib/sbi/nnrf-handler.c:955)
06/24 15:24:57.431: [sbi] INFO: [6bc6c240-6f95-41f1-b77f-83c25365a483] Subscription created until 2026-06-25T15:24:57.419445+09:00 [duration:86400000000,validity:86400.000000,patch:43200.000000] (../lib/sbi/nnrf-handler.c:874)
06/24 15:26:00.493: [app] INFO: SIGTERM received (../src/main.c:54)
06/24 15:26:00.493: [app] INFO: Open5GS daemon terminating... (../src/main.c:235)
06/24 15:26:00.493: [sbi] INFO: [6bc4cc88-6f95-41f1-89c7-d184185a48be] NF de-registered (../lib/sbi/nf-sm.c:324)
06/24 15:26:00.493: [sbi] WARNING: [7] Failed to connect to 127.0.0.200 port 7777 after 0 ms: Couldn't connect to server (../lib/sbi/client.c:757)
06/24 15:26:00.493: [sbi] WARNING: ogs_sbi_client_handler() failed [-1] (../lib/sbi/path.c:62)
06/24 15:26:00.498: [app] INFO: UDR terminate...done (../src/udr/app.c:39)
Open5GS daemon v2.7.2

06/24 15:32:07.899: [app] INFO: Configuration: '/home/admin-vb/EdhocSecondaryAuth/open5gs/install-ws/etc/open5gs/udr.yaml' (../lib/app/ogs-init.c:144)
06/24 15:32:07.899: [app] INFO: File Logging: '/home/admin-vb/EdhocSecondaryAuth/open5gs/install-ws/var/log/open5gs/udr.log' (../lib/app/ogs-init.c:147)
06/24 15:32:07.901: [sbi] INFO: Setup NF EndPoint(addr) [127.0.0.200:7777] (../lib/sbi/context.c:507)
06/24 15:32:07.917: [dbi] INFO: MongoDB URI: 'mongodb://localhost/open5gs' (../lib/dbi/ogs-mongoc.c:130)
06/24 15:32:07.917: [sbi] INFO: NF Service [nudr-dr] (../lib/sbi/context.c:1994)
06/24 15:32:07.918: [sbi] INFO: nghttp2_server() [http://127.0.0.20]:7777 (../lib/sbi/nghttp2-server.c:439)
06/24 15:32:07.918: [app] INFO: UDR initialize...done (../src/udr/app.c:31)
06/24 15:32:07.924: [sbi] INFO: [6c5d179e-6f96-41f1-b8c8-898ee13357ba] NF registered [Heartbeat:10s] (../lib/sbi/nf-sm.c:295)
06/24 15:32:07.926: [sbi] INFO: Setup NF EndPoint(addr) [127.0.0.10:7777] (../lib/sbi/nnrf-handler.c:955)
06/24 15:32:07.926: [sbi] INFO: [6c60afa8-6f96-41f1-8f04-2db84aff4600] Subscription created until 2026-06-25T15:32:07.924990+09:00 [duration:86400000000,validity:86400.000000,patch:43200.000000] (../lib/sbi/nnrf-handler.c:874)
06/24 15:32:40.983: [app] INFO: SIGTERM received (../src/main.c:54)
06/24 15:32:40.983: [app] INFO: Open5GS daemon terminating... (../src/main.c:235)
06/24 15:32:40.983: [sbi] INFO: [6c5d179e-6f96-41f1-b8c8-898ee13357ba] NF de-registered (../lib/sbi/nf-sm.c:324)
06/24 15:32:40.986: [app] INFO: UDR terminate...done (../src/udr/app.c:39)
Open5GS daemon v2.7.2

06/24 15:54:40.788: [app] INFO: Configuration: '/home/admin-vb/EdhocSecondaryAuth/open5gs/install-ws/etc/open5gs/udr.yaml' (../lib/app/ogs-init.c:144)
06/24 15:54:40.788: [app] INFO: File Logging: '/home/admin-vb/EdhocSecondaryAuth/open5gs/install-ws/var/log/open5gs/udr.log' (../lib/app/ogs-init.c:147)
06/24 15:54:40.790: [sbi] INFO: Setup NF EndPoint(addr) [127.0.0.200:7777] (../lib/sbi/context.c:507)
06/24 15:54:40.796: [dbi] INFO: MongoDB URI: 'mongodb://localhost/open5gs' (../lib/dbi/ogs-mongoc.c:130)
06/24 15:54:40.796: [sbi] INFO: NF Service [nudr-dr] (../lib/sbi/context.c:1994)
06/24 15:54:40.796: [sbi] INFO: nghttp2_server() [http://127.0.0.20]:7777 (../lib/sbi/nghttp2-server.c:439)
06/24 15:54:40.798: [app] INFO: UDR initialize...done (../src/udr/app.c:31)
06/24 15:54:40.800: [sbi] INFO: [92bf922e-6f99-41f1-b6dc-a3b5d55daa9e] NF registered [Heartbeat:10s] (../lib/sbi/nf-sm.c:295)
06/24 15:54:40.802: [sbi] INFO: Setup NF EndPoint(addr) [127.0.0.10:7777] (../lib/sbi/nnrf-handler.c:955)
06/24 15:54:40.802: [sbi] INFO: [92c1460a-6f99-41f1-8bf4-03bbf78967d6] Subscription created until 2026-06-25T15:54:40.801545+09:00 [duration:86400000000,validity:86400.000000,patch:43200.000000] (../lib/sbi/nnrf-handler.c:874)
06/24 15:56:03.876: [app] INFO: SIGTERM received (../src/main.c:54)
06/24 15:56:03.876: [app] INFO: Open5GS daemon terminating... (../src/main.c:235)
06/24 15:56:03.876: [sbi] INFO: [92bf922e-6f99-41f1-b6dc-a3b5d55daa9e] NF de-registered (../lib/sbi/nf-sm.c:324)
06/24 15:56:03.879: [app] INFO: UDR terminate...done (../src/udr/app.c:39)
